  array.c
  Main.c
C:\Users\rapha\OneDrive\Desktop\Raphael\Projetos\Pikuma\3D_Computer_Graphics\3D_Computer_Graphics\Main.c(66,21): warning C4305: '+=': truncation from 'double' to 'float'
C:\Users\rapha\OneDrive\Desktop\Raphael\Projetos\Pikuma\3D_Computer_Graphics\3D_Computer_Graphics\Main.c(67,21): warning C4305: '+=': truncation from 'double' to 'float'
C:\Users\rapha\OneDrive\Desktop\Raphael\Projetos\Pikuma\3D_Computer_Graphics\3D_Computer_Graphics\Main.c(68,21): warning C4305: '+=': truncation from 'double' to 'float'
C:\Users\rapha\OneDrive\Desktop\Raphael\Projetos\Pikuma\3D_Computer_Graphics\3D_Computer_Graphics\Main.c(111,31): warning C4244: 'function': conversion from 'float' to 'int', possible loss of data
C:\Users\rapha\OneDrive\Desktop\Raphael\Projetos\Pikuma\3D_Computer_Graphics\3D_Computer_Graphics\Main.c(111,53): warning C4244: 'function': conversion from 'float' to 'int', possible loss of data
C:\Users\rapha\OneDrive\Desktop\Raphael\Projetos\Pikuma\3D_Computer_Graphics\3D_Computer_Graphics\Main.c(112,31): warning C4244: 'function': conversion from 'float' to 'int', possible loss of data
C:\Users\rapha\OneDrive\Desktop\Raphael\Projetos\Pikuma\3D_Computer_Graphics\3D_Computer_Graphics\Main.c(112,53): warning C4244: 'function': conversion from 'float' to 'int', possible loss of data
C:\Users\rapha\OneDrive\Desktop\Raphael\Projetos\Pikuma\3D_Computer_Graphics\3D_Computer_Graphics\Main.c(113,31): warning C4244: 'function': conversion from 'float' to 'int', possible loss of data
C:\Users\rapha\OneDrive\Desktop\Raphael\Projetos\Pikuma\3D_Computer_Graphics\3D_Computer_Graphics\Main.c(113,53): warning C4244: 'function': conversion from 'float' to 'int', possible loss of data
  mesh.c
  vector.c
C:\Users\rapha\OneDrive\Desktop\Raphael\Projetos\Pikuma\3D_Computer_Graphics\3D_Computer_Graphics\vector.c(5,26): warning C4244: 'initializing': conversion from 'double' to 'float', possible loss of data
C:\Users\rapha\OneDrive\Desktop\Raphael\Projetos\Pikuma\3D_Computer_Graphics\3D_Computer_Graphics\vector.c(6,26): warning C4244: 'initializing': conversion from 'double' to 'float', possible loss of data
C:\Users\rapha\OneDrive\Desktop\Raphael\Projetos\Pikuma\3D_Computer_Graphics\3D_Computer_Graphics\vector.c(15,26): warning C4244: 'initializing': conversion from 'double' to 'float', possible loss of data
C:\Users\rapha\OneDrive\Desktop\Raphael\Projetos\Pikuma\3D_Computer_Graphics\3D_Computer_Graphics\vector.c(17,26): warning C4244: 'initializing': conversion from 'double' to 'float', possible loss of data
C:\Users\rapha\OneDrive\Desktop\Raphael\Projetos\Pikuma\3D_Computer_Graphics\3D_Computer_Graphics\vector.c(25,26): warning C4244: 'initializing': conversion from 'double' to 'float', possible loss of data
C:\Users\rapha\OneDrive\Desktop\Raphael\Projetos\Pikuma\3D_Computer_Graphics\3D_Computer_Graphics\vector.c(26,26): warning C4244: 'initializing': conversion from 'double' to 'float', possible loss of data
  Generating Code...
  3D_Computer_Graphics.vcxproj -> C:\Users\rapha\OneDrive\Desktop\Raphael\Projetos\Pikuma\3D_Computer_Graphics\x64\Debug\3D_Computer_Graphics.exe
